0 info it worked if it ends with ok
1 verbose cli [ 'C:\\Program Files\\nodejs\\\\node.exe',
1 verbose cli   'C:\\Program Files\\nodejs\\node_modules\\npm\\bin\\npm-cli.js',
1 verbose cli   'install',
1 verbose cli   'js-bson' ]
2 info using npm@2.11.3
3 info using node@v0.12.7
4 verbose install initial load of c:\NodeJS\blog\package.json
5 verbose installManyTop reading scoped package data from c:\NodeJS\blog\node_modules\body-parser\package.json
6 verbose installManyTop reading scoped package data from c:\NodeJS\blog\node_modules\bson\package.json
7 verbose installManyTop reading scoped package data from c:\NodeJS\blog\node_modules\connect-flash\package.json
8 verbose installManyTop reading scoped package data from c:\NodeJS\blog\node_modules\connect-mongo\package.json
9 verbose installManyTop reading scoped package data from c:\NodeJS\blog\node_modules\cookie-parser\package.json
10 verbose installManyTop reading scoped package data from c:\NodeJS\blog\node_modules\debug\package.json
11 verbose installManyTop reading scoped package data from c:\NodeJS\blog\node_modules\ejs\package.json
12 verbose installManyTop reading scoped package data from c:\NodeJS\blog\node_modules\express\package.json
13 verbose installManyTop reading scoped package data from c:\NodeJS\blog\node_modules\express-session\package.json
14 verbose installManyTop reading scoped package data from c:\NodeJS\blog\node_modules\markdown\package.json
15 verbose installManyTop reading scoped package data from c:\NodeJS\blog\node_modules\mongodb\package.json
16 verbose installManyTop reading scoped package data from c:\NodeJS\blog\node_modules\morgan\package.json
17 verbose installManyTop reading scoped package data from c:\NodeJS\blog\node_modules\multer\package.json
18 verbose installManyTop reading scoped package data from c:\NodeJS\blog\node_modules\serve-favicon\package.json
19 info package.json connect-mongo@0.4.1 No license field.
20 info package.json connect-flash@0.1.1 No license field.
21 info package.json markdown@0.5.0 No license field.
22 info package.json bson@0.2.22 No license field.
23 verbose readDependencies loading dependencies from c:\NodeJS\blog\package.json
24 silly cache add args [ 'js-bson', null ]
25 verbose cache add spec js-bson
26 silly cache add parsed spec { raw: 'js-bson',
26 silly cache add   scope: null,
26 silly cache add   name: 'js-bson',
26 silly cache add   rawSpec: '',
26 silly cache add   spec: '*',
26 silly cache add   type: 'range' }
27 silly addNamed js-bson@*
28 verbose addNamed "*" is a valid semver range for js-bson
29 silly addNameRange { name: 'js-bson', range: '*', hasData: false }
30 silly mapToRegistry name js-bson
31 silly mapToRegistry using default registry
32 silly mapToRegistry registry https://registry.npmjs.org/
33 silly mapToRegistry uri https://registry.npmjs.org/js-bson
34 verbose addNameRange registry:https://registry.npmjs.org/js-bson not in flight; fetching
35 verbose request uri https://registry.npmjs.org/js-bson
36 verbose request no auth needed
37 info attempt registry request try #1 at 9:58:05 AM
38 verbose request id 21d886aa349999e8
39 http request GET https://registry.npmjs.org/js-bson
40 http 404 https://registry.npmjs.org/js-bson
41 verbose headers { server: 'CouchDB/1.5.0 (Erlang OTP/R16B03)',
41 verbose headers   'content-type': 'application/json',
41 verbose headers   'cache-control': 'max-age=0',
41 verbose headers   'content-length': '51',
41 verbose headers   'accept-ranges': 'bytes',
41 verbose headers   date: 'Sun, 26 Jul 2015 01:57:52 GMT',
41 verbose headers   via: '1.1 varnish',
41 verbose headers   age: '0',
41 verbose headers   connection: 'keep-alive',
41 verbose headers   'x-served-by': 'cache-nrt6131-NRT',
41 verbose headers   'x-cache': 'MISS',
41 verbose headers   'x-cache-hits': '0',
41 verbose headers   'x-timer': 'S1437875872.771453,VS0,VE131' }
42 silly get cb [ 404,
42 silly get   { server: 'CouchDB/1.5.0 (Erlang OTP/R16B03)',
42 silly get     'content-type': 'application/json',
42 silly get     'cache-control': 'max-age=0',
42 silly get     'content-length': '51',
42 silly get     'accept-ranges': 'bytes',
42 silly get     date: 'Sun, 26 Jul 2015 01:57:52 GMT',
42 silly get     via: '1.1 varnish',
42 silly get     age: '0',
42 silly get     connection: 'keep-alive',
42 silly get     'x-served-by': 'cache-nrt6131-NRT',
42 silly get     'x-cache': 'MISS',
42 silly get     'x-cache-hits': '0',
42 silly get     'x-timer': 'S1437875872.771453,VS0,VE131' } ]
43 verbose stack Error: 404 Not Found: js-bson
43 verbose stack     at CachingRegistryClient.<anonymous> (C:\Program Files\nodejs\node_modules\npm\node_modules\npm-registry-client\lib\request.js:245:14)
43 verbose stack     at Request._callback (C:\Program Files\nodejs\node_modules\npm\node_modules\npm-registry-client\lib\request.js:170:14)
43 verbose stack     at Request.self.callback (C:\Program Files\nodejs\node_modules\npm\node_modules\request\request.js:354:22)
43 verbose stack     at Request.emit (events.js:110:17)
43 verbose stack     at Request.<anonymous> (C:\Program Files\nodejs\node_modules\npm\node_modules\request\request.js:1207:14)
43 verbose stack     at Request.emit (events.js:129:20)
43 verbose stack     at IncomingMessage.<anonymous> (C:\Program Files\nodejs\node_modules\npm\node_modules\request\request.js:1153:12)
43 verbose stack     at IncomingMessage.emit (events.js:129:20)
43 verbose stack     at _stream_readable.js:908:16
43 verbose stack     at process._tickCallback (node.js:355:11)
44 verbose statusCode 404
45 verbose pkgid js-bson
46 verbose cwd c:\NodeJS\blog
47 error Windows_NT 6.3.9600
48 error argv "C:\\Program Files\\nodejs\\\\node.exe" "C:\\Program Files\\nodejs\\node_modules\\npm\\bin\\npm-cli.js" "install" "js-bson"
49 error node v0.12.7
50 error npm  v2.11.3
51 error code E404
52 error 404 Not Found: js-bson
52 error 404
52 error 404 'js-bson' is not in the npm registry.
52 error 404 You should bug the author to publish it (or use the name yourself!)
52 error 404 It was specified as a dependency of 'blog'
52 error 404
52 error 404 Note that you can also install from a
52 error 404 tarball, folder, http url, or git url.
53 verbose exit [ 1, true ]
